Using pre-set license
Built from '2020.2/staging' branch; Version is '2020.2.3f1 (8ff31bc5bf5b) revision 9433883'; Using compiler version '192528614'; Build Type 'Release'
OS: 'Windows 10 Home; OS build 18363.1316; Version 1909; 64bit' Language: 'es' Physical Memory: 8060 MB
BatchMode: 1, IsHumanControllingUs: 0, StartBugReporterOnCrash: 0, Is64bit: 1, IsPro: 0

 COMMAND LINE ARGUMENTS:
C:\Program Files\Unity\Hub\Editor\2020.2.3f1\Editor\Unity.exe
-adb2
-batchMode
-noUpm
-name
AssetImportWorker2
-projectPath
C:/Users/ausia/Documents/GitHub/PhobiaGame/GameJamPhobia/PhobiaGame
-logFile
Logs/AssetImportWorker2.log
-srvPort
49410
Successfully changed project path to: C:/Users/ausia/Documents/GitHub/PhobiaGame/GameJamPhobia/PhobiaGame
C:/Users/ausia/Documents/GitHub/PhobiaGame/GameJamPhobia/PhobiaGame
Using Asset Import Pipeline V2.
Refreshing native plugins compatible for Editor in 41.59 ms, found 0 plugins.
Preloading 0 native plugins for Editor in 0.00 ms.
Initialize engine version: 2020.2.3f1 (8ff31bc5bf5b)
[Subsystems] Discovering subsystems at path C:/Program Files/Unity/Hub/Editor/2020.2.3f1/Editor/Data/Resources/UnitySubsystems
[Subsystems] Discovering subsystems at path C:/Users/ausia/Documents/GitHub/PhobiaGame/GameJamPhobia/PhobiaGame/Assets
GfxDevice: creating device client; threaded=0
Direct3D:
    Version:  Direct3D 11.0 [level 11.0]
    Renderer: NVIDIA GeForce 940MX (ID=0x179c)
    Vendor:   
    VRAM:     2010 MB
    Driver:   25.21.14.2531
Initialize mono
Mono path[0] = 'C:/Program Files/Unity/Hub/Editor/2020.2.3f1/Editor/Data/Managed'
Mono path[1] = 'C:/Program Files/Unity/Hub/Editor/2020.2.3f1/Editor/Data/MonoBleedingEdge/lib/mono/unityjit'
Mono config path = 'C:/Program Files/Unity/Hub/Editor/2020.2.3f1/Editor/Data/MonoBleedingEdge/etc'
Using monoOptions --debugger-agent=transport=dt_socket,embedding=1,server=y,suspend=n,address=127.0.0.1:56268
Begin MonoManager ReloadAssembly
Registering precompiled unity dll's ...
Register platform support module: C:/Program Files/Unity/Hub/Editor/2020.2.3f1/Editor/Data/PlaybackEngines/WebGLSupport/UnityEditor.WebGL.Extensions.dll
Register platform support module: C:/Program Files/Unity/Hub/Editor/2020.2.3f1/Editor/Data/PlaybackEngines/WindowsStandaloneSupport/UnityEditor.WindowsStandalone.Extensions.dll
Registered in 0.006272 seconds.
Native extension for WindowsStandalone target not found
Native extension for WebGL target not found
Refreshing native plugins compatible for Editor in 43.25 ms, found 0 plugins.
Preloading 0 native plugins for Editor in 0.00 ms.
Invoked RoslynAnalysisRunner static constructor.
RoslynAnalysisRunner will not be running.
RoslynAnalysisRunner has terminated.
Mono: successfully reloaded assembly
- Completed reload, in  2.824 seconds
Platform modules already initialized, skipping
Registering precompiled user dll's ...
Registered in 0.003560 seconds.
Begin MonoManager ReloadAssembly
Native extension for WindowsStandalone target not found
Native extension for WebGL target not found
Refreshing native plugins compatible for Editor in 0.77 ms, found 0 plugins.
Preloading 0 native plugins for Editor in 0.00 ms.
Invoked RoslynAnalysisRunner static constructor.
RoslynAnalysisRunner will not be running.
RoslynAnalysisRunner has terminated.
Mono: successfully reloaded assembly
- Completed reload, in  5.244 seconds
Platform modules already initialized, skipping
========================================================================
Worker process is ready to serve import requests
Launched and connected shader compiler UnityShaderCompiler.exe after 0.43 seconds
Refreshing native plugins compatible for Editor in 1.20 ms, found 0 plugins.
Preloading 0 native plugins for Editor in 0.00 ms.
Unloading 1099 Unused Serialized files (Serialized files now loaded: 0)
System memory in use before: 56.6 MB.
System memory in use after: 56.6 MB.

Unloading 10 unused Assets to reduce memory usage. Loaded Objects now: 1540.
Total: 152.664600 ms (FindLiveObjects: 0.294200 ms CreateObjectMapping: 0.053500 ms MarkObjects: 148.562600 ms  DeleteObjects: 3.751800 ms)

========================================================================
Received Import Request.
  path: Assets/3D models
  artifactKey: Guid(8f7ac6018ce646442a1c37939a2d5250) Importer(815301076,1909f56bfc062723c751e8b465ee728b)
Start importing Assets/3D models using Guid(8f7ac6018ce646442a1c37939a2d5250) Importer(815301076,1909f56bfc062723c751e8b465ee728b)  -> (artifact id: 'f955ea2f4e6501ee108ba5c36bb168b2') in 0.046016 seconds
  Import took 0.051170 seconds .

========================================================================
Received Import Request.
  Time since last request: 0.000552 seconds.
  path: Assets/Scripts
  artifactKey: Guid(50f856c2228d9214b9909dec009d66a2) Importer(815301076,1909f56bfc062723c751e8b465ee728b)
Start importing Assets/Scripts using Guid(50f856c2228d9214b9909dec009d66a2) Importer(815301076,1909f56bfc062723c751e8b465ee728b)  -> (artifact id: 'a860a3eae0d237eb9ada2595795cd922') in 0.014304 seconds
  Import took 0.018710 seconds .

========================================================================
Received Import Request.
  Time since last request: 1084.665086 seconds.
  path: Assets/Scenes
  artifactKey: Guid(8dcd205afa555a34a9222fc649791ae7) Importer(815301076,1909f56bfc062723c751e8b465ee728b)
Start importing Assets/Scenes using Guid(8dcd205afa555a34a9222fc649791ae7) Importer(815301076,1909f56bfc062723c751e8b465ee728b)  -> (artifact id: 'a42e91ef96df594bf5caee3de89cb73f') in 0.032593 seconds
  Import took 0.045199 seconds .

========================================================================
Received Import Request.
  Time since last request: 0.771992 seconds.
  path: Assets/Small Cave Kit
  artifactKey: Guid(4b43d84309498ec42977a9fb2cead83a) Importer(815301076,1909f56bfc062723c751e8b465ee728b)
Start importing Assets/Small Cave Kit using Guid(4b43d84309498ec42977a9fb2cead83a) Importer(815301076,1909f56bfc062723c751e8b465ee728b)  -> (artifact id: 'a2b1dea2e17b40ae549e3f66fc75005d') in 0.008607 seconds
  Import took 0.016246 seconds .

========================================================================
Received Import Request.
  Time since last request: 117.705334 seconds.
  path: Assets/Small Cave Kit/Particles
  artifactKey: Guid(117916784f64f6d46806b5a6f071655e) Importer(815301076,1909f56bfc062723c751e8b465ee728b)
Start importing Assets/Small Cave Kit/Particles using Guid(117916784f64f6d46806b5a6f071655e) Importer(815301076,1909f56bfc062723c751e8b465ee728b)  -> (artifact id: '5b6fce98e74148a62b1e8f484f7926eb') in 0.010361 seconds
  Import took 0.015365 seconds .

========================================================================
Received Import Request.
  Time since last request: 0.455392 seconds.
  path: Assets/Small Cave Kit/Models
  artifactKey: Guid(f508cd55dbc34f84fb200601dbf0fc1d) Importer(815301076,1909f56bfc062723c751e8b465ee728b)
Start importing Assets/Small Cave Kit/Models using Guid(f508cd55dbc34f84fb200601dbf0fc1d) Importer(815301076,1909f56bfc062723c751e8b465ee728b)  -> (artifact id: 'e3bb549bb121e056b24f2f6b31c2784b') in 0.006470 seconds
  Import took 0.011808 seconds .

========================================================================
Received Import Request.
  Time since last request: 0.403898 seconds.
  path: Assets/Small Cave Kit/Documentation
  artifactKey: Guid(27e4f11d2b0b02840a5d0024fd16e2f8) Importer(815301076,1909f56bfc062723c751e8b465ee728b)
Start importing Assets/Small Cave Kit/Documentation using Guid(27e4f11d2b0b02840a5d0024fd16e2f8) Importer(815301076,1909f56bfc062723c751e8b465ee728b)  -> (artifact id: '3755959f9b1c8b3011eb66ec4b894e62') in 0.011003 seconds
  Import took 0.014433 seconds .

========================================================================
Received Import Request.
  Time since last request: 0.505310 seconds.
  path: Assets/Small Cave Kit/Animations
  artifactKey: Guid(1c8713de40fe8ae41bc7619ee6cd8c2d) Importer(815301076,1909f56bfc062723c751e8b465ee728b)
Start importing Assets/Small Cave Kit/Animations using Guid(1c8713de40fe8ae41bc7619ee6cd8c2d) Importer(815301076,1909f56bfc062723c751e8b465ee728b)  -> (artifact id: '2388691d8277a237b1a9b535b786778c') in 0.021311 seconds
  Import took 0.033537 seconds .

========================================================================
Received Import Request.
  Time since last request: 15.077548 seconds.
  path: Assets/Small Cave Kit/Prefabs
  artifactKey: Guid(2302cc46e3ce31b4297235c54fde7e83) Importer(815301076,1909f56bfc062723c751e8b465ee728b)
Start importing Assets/Small Cave Kit/Prefabs using Guid(2302cc46e3ce31b4297235c54fde7e83) Importer(815301076,1909f56bfc062723c751e8b465ee728b)  -> (artifact id: 'b3f63008097ccca794bfe160eb621c73') in 0.196470 seconds
  Import took 0.199824 seconds .

========================================================================
Received Import Request.
  Time since last request: 0.300767 seconds.
  path: Assets/Small Cave Kit/Cave kit Demo.unity
  artifactKey: Guid(f8ad4553ad4ce5843b337a1d0519d882) Importer(815301076,1909f56bfc062723c751e8b465ee728b)
Start importing Assets/Small Cave Kit/Cave kit Demo.unity using Guid(f8ad4553ad4ce5843b337a1d0519d882) Importer(815301076,1909f56bfc062723c751e8b465ee728b)  -> (artifact id: '690e08429996713d3600566273c1b3ba') in 0.053912 seconds
  Import took 0.061245 seconds .

========================================================================
Received Import Request.
  Time since last request: 18.714932 seconds.
  path: Assets/Small Cave Kit/Prefabs/Cave parts.prefab
  artifactKey: Guid(cea6416aa0ee8f944a9dfdf61b31d685) Importer(815301076,1909f56bfc062723c751e8b465ee728b)
Start importing Assets/Small Cave Kit/Prefabs/Cave parts.prefab using Guid(cea6416aa0ee8f944a9dfdf61b31d685) Importer(815301076,1909f56bfc062723c751e8b465ee728b)  -> (artifact id: '4b8a5de0ba060477828ed76a59ef06d5') in 3.208095 seconds
  Import took 3.267225 seconds .

========================================================================
Received Import Request.
  Time since last request: 0.000525 seconds.
  path: Assets/Small Cave Kit/Prefabs/Plane.025.prefab
  artifactKey: Guid(c86286c283fe1f14da4efd9148324290) Importer(815301076,1909f56bfc062723c751e8b465ee728b)
Start importing Assets/Small Cave Kit/Prefabs/Plane.025.prefab using Guid(c86286c283fe1f14da4efd9148324290) Importer(815301076,1909f56bfc062723c751e8b465ee728b)  -> (artifact id: 'd6ca05afa27a22abd1f5ec6ec7f41a29') in 0.559271 seconds
  Import took 0.618686 seconds .

========================================================================
Received Import Request.
  Time since last request: 0.000381 seconds.
  path: Assets/Small Cave Kit/Prefabs/Plane.026.prefab
  artifactKey: Guid(b5365619afce36247a8f98bd36f02002) Importer(815301076,1909f56bfc062723c751e8b465ee728b)
Start importing Assets/Small Cave Kit/Prefabs/Plane.026.prefab using Guid(b5365619afce36247a8f98bd36f02002) Importer(815301076,1909f56bfc062723c751e8b465ee728b)  -> (artifact id: 'b30c218cae4b9a2ed04dd09aa717b599') in 0.250768 seconds
  Import took 0.254399 seconds .

========================================================================
Received Import Request.
  Time since last request: 0.000588 seconds.
  path: Assets/Small Cave Kit/Prefabs/Plane.016.prefab
  artifactKey: Guid(c0f6cf78ddc9dad47a634b3238e5c5b6) Importer(815301076,1909f56bfc062723c751e8b465ee728b)
Start importing Assets/Small Cave Kit/Prefabs/Plane.016.prefab using Guid(c0f6cf78ddc9dad47a634b3238e5c5b6) Importer(815301076,1909f56bfc062723c751e8b465ee728b)  -> (artifact id: 'f18236c6d878dcb3e4506c61134bcbbc') in 0.082316 seconds
  Import took 0.095791 seconds .

========================================================================
Received Import Request.
  Time since last request: 0.000455 seconds.
  path: Assets/Small Cave Kit/Prefabs/Plane.004.prefab
  artifactKey: Guid(887cf5aac5743564fbceeabb084f5e76) Importer(815301076,1909f56bfc062723c751e8b465ee728b)
Start importing Assets/Small Cave Kit/Prefabs/Plane.004.prefab using Guid(887cf5aac5743564fbceeabb084f5e76) Importer(815301076,1909f56bfc062723c751e8b465ee728b)  -> (artifact id: 'babaef124d191899e0e1f0f401ab07a6') in 0.102799 seconds
  Import took 0.107397 seconds .

========================================================================
Received Import Request.
  Time since last request: 0.001573 seconds.
  path: Assets/Small Cave Kit/Prefabs/Plane.040.prefab
  artifactKey: Guid(d9c1d3bf8de6d994687d1885cc087476) Importer(815301076,1909f56bfc062723c751e8b465ee728b)
Start importing Assets/Small Cave Kit/Prefabs/Plane.040.prefab using Guid(d9c1d3bf8de6d994687d1885cc087476) Importer(815301076,1909f56bfc062723c751e8b465ee728b)  -> (artifact id: '332859f33d16d91582141752ba76f441') in 0.066255 seconds
  Import took 0.074859 seconds .

========================================================================
Received Import Request.
  Time since last request: 0.000408 seconds.
  path: Assets/Small Cave Kit/Prefabs/Plane.001.prefab
  artifactKey: Guid(d12502c3e193ad84b84f11da72cb170a) Importer(815301076,1909f56bfc062723c751e8b465ee728b)
Start importing Assets/Small Cave Kit/Prefabs/Plane.001.prefab using Guid(d12502c3e193ad84b84f11da72cb170a) Importer(815301076,1909f56bfc062723c751e8b465ee728b)  -> (artifact id: '9186a40e5b9925d219b242428a062395') in 0.077606 seconds
  Import took 0.081027 seconds .

========================================================================
Received Import Request.
  Time since last request: 0.000404 seconds.
  path: Assets/Small Cave Kit/Prefabs/Plane.002.prefab
  artifactKey: Guid(cd65d2d232298ac4e821ae02157805b8) Importer(815301076,1909f56bfc062723c751e8b465ee728b)
Start importing Assets/Small Cave Kit/Prefabs/Plane.002.prefab using Guid(cd65d2d232298ac4e821ae02157805b8) Importer(815301076,1909f56bfc062723c751e8b465ee728b)  -> (artifact id: 'dd2bf1ff1cdaad73500b366d6f368a9b') in 0.070036 seconds
  Import took 0.081927 seconds .

========================================================================
Received Import Request.
  Time since last request: 0.000356 seconds.
  path: Assets/Small Cave Kit/Prefabs/torch.prefab
  artifactKey: Guid(b226c2c9ed14da940b027de536630825) Importer(815301076,1909f56bfc062723c751e8b465ee728b)
Start importing Assets/Small Cave Kit/Prefabs/torch.prefab using Guid(b226c2c9ed14da940b027de536630825) Importer(815301076,1909f56bfc062723c751e8b465ee728b)  -> (artifact id: '4ddae916df6c80928a1f897253a3670f') in 0.051873 seconds
  Import took 0.060086 seconds .

========================================================================
Received Import Request.
  Time since last request: 0.003970 seconds.
  path: Assets/Small Cave Kit/Prefabs/Plane.013.prefab
  artifactKey: Guid(a690706d81e223b45a7444d48e455c35) Importer(815301076,1909f56bfc062723c751e8b465ee728b)
Start importing Assets/Small Cave Kit/Prefabs/Plane.013.prefab using Guid(a690706d81e223b45a7444d48e455c35) Importer(815301076,1909f56bfc062723c751e8b465ee728b)  -> (artifact id: 'c91dc19d22590104bc553902f1ef6548') in 0.072846 seconds
  Import took 0.076584 seconds .

========================================================================
Received Import Request.
  Time since last request: 0.000582 seconds.
  path: Assets/Small Cave Kit/Prefabs/Cave parts.prefab
  artifactKey: Guid(cea6416aa0ee8f944a9dfdf61b31d685) Importer(815301076,1909f56bfc062723c751e8b465ee728b)
Start importing Assets/Small Cave Kit/Prefabs/Cave parts.prefab using Guid(cea6416aa0ee8f944a9dfdf61b31d685) Importer(815301076,1909f56bfc062723c751e8b465ee728b)  -> (artifact id: '4b8a5de0ba060477828ed76a59ef06d5') in 0.057752 seconds
  Import took 0.065246 seconds .

========================================================================
Received Import Request.
  Time since last request: 0.000648 seconds.
  path: Assets/Small Cave Kit/Prefabs/Plane.015.prefab
  artifactKey: Guid(140a95403931ee54bb288141dcc0395b) Importer(815301076,1909f56bfc062723c751e8b465ee728b)
Start importing Assets/Small Cave Kit/Prefabs/Plane.015.prefab using Guid(140a95403931ee54bb288141dcc0395b) Importer(815301076,1909f56bfc062723c751e8b465ee728b)  -> (artifact id: 'd5a213f063f07e819bb481884f1d2d23') in 0.056470 seconds
  Import took 0.066473 seconds .

========================================================================
Received Import Request.
  Time since last request: 0.000429 seconds.
  path: Assets/Small Cave Kit/Prefabs/Plane.034.prefab
  artifactKey: Guid(98cb6746d8cc81a4baaf4e0e29a0008b) Importer(815301076,1909f56bfc062723c751e8b465ee728b)
Start importing Assets/Small Cave Kit/Prefabs/Plane.034.prefab using Guid(98cb6746d8cc81a4baaf4e0e29a0008b) Importer(815301076,1909f56bfc062723c751e8b465ee728b)  -> (artifact id: 'c602cfcf92047ea79e1d37ef2b66643a') in 0.056370 seconds
  Import took 0.064812 seconds .

========================================================================
Received Import Request.
  Time since last request: 0.000518 seconds.
  path: Assets/Small Cave Kit/Prefabs/Plane.052.prefab
  artifactKey: Guid(e7530043f08038042a41f5f0f7d7315e) Importer(815301076,1909f56bfc062723c751e8b465ee728b)
Start importing Assets/Small Cave Kit/Prefabs/Plane.052.prefab using Guid(e7530043f08038042a41f5f0f7d7315e) Importer(815301076,1909f56bfc062723c751e8b465ee728b)  -> (artifact id: 'a77126fb76e4049223a099c2b66bdfda') in 0.111055 seconds
  Import took 0.118435 seconds .

========================================================================
Received Import Request.
  Time since last request: 0.000469 seconds.
  path: Assets/Small Cave Kit/Prefabs/Plane.046.prefab
  artifactKey: Guid(7e6bb2879b9d40f449a51e6b747d3aef) Importer(815301076,1909f56bfc062723c751e8b465ee728b)
Start importing Assets/Small Cave Kit/Prefabs/Plane.046.prefab using Guid(7e6bb2879b9d40f449a51e6b747d3aef) Importer(815301076,1909f56bfc062723c751e8b465ee728b)  -> (artifact id: '3ee6f8b9ecdf14697f3497b275b2872d') in 0.065726 seconds
  Import took 0.073214 seconds .

========================================================================
Received Import Request.
  Time since last request: 0.000508 seconds.
  path: Assets/Small Cave Kit/Prefabs/Plane.000.prefab
  artifactKey: Guid(9966a3f3c7ed27740888e055ae085f72) Importer(815301076,1909f56bfc062723c751e8b465ee728b)
Start importing Assets/Small Cave Kit/Prefabs/Plane.000.prefab using Guid(9966a3f3c7ed27740888e055ae085f72) Importer(815301076,1909f56bfc062723c751e8b465ee728b)  -> (artifact id: 'a02b218445153a723fcfb6ab85cc613b') in 0.064693 seconds
  Import took 0.068272 seconds .

========================================================================
Received Import Request.
  Time since last request: 0.000348 seconds.
  path: Assets/Small Cave Kit/Prefabs/Plane.047.prefab
  artifactKey: Guid(338a0552dddc6ba4591cdbd843257976) Importer(815301076,1909f56bfc062723c751e8b465ee728b)
Start importing Assets/Small Cave Kit/Prefabs/Plane.047.prefab using Guid(338a0552dddc6ba4591cdbd843257976) Importer(815301076,1909f56bfc062723c751e8b465ee728b)  -> (artifact id: '1b78c20a54ceb8135d467365f2a01d9f') in 0.031102 seconds
  Import took 0.034920 seconds .

========================================================================
Received Import Request.
  Time since last request: 167.142381 seconds.
  path: Assets/Standard Assets/ParticleSystems/Materials/ParticleDuststorm.mat
  artifactKey: Guid(7911795df27dd464190eed77dda90191) Importer(815301076,1909f56bfc062723c751e8b465ee728b)
Start importing Assets/Standard Assets/ParticleSystems/Materials/ParticleDuststorm.mat using Guid(7911795df27dd464190eed77dda90191) Importer(815301076,1909f56bfc062723c751e8b465ee728b)  -> (artifact id: 'd23843d395c4fb92fc7c684abcec89a6') in 0.913510 seconds
  Import took 0.917670 seconds .

========================================================================
Received Import Request.
  Time since last request: 276.831033 seconds.
  path: Assets/Small Cave Kit/Models/torch
  artifactKey: Guid(8f7410ead7ba1ac4dad2d4b7dfe9eb71) Importer(815301076,1909f56bfc062723c751e8b465ee728b)
Start importing Assets/Small Cave Kit/Models/torch using Guid(8f7410ead7ba1ac4dad2d4b7dfe9eb71) Importer(815301076,1909f56bfc062723c751e8b465ee728b)  -> (artifact id: '314a92c0052fd5a7302c6aafe988af01') in 0.146476 seconds
  Import took 0.150927 seconds .

========================================================================
Received Import Request.
  Time since last request: 0.000296 seconds.
  path: Assets/Small Cave Kit/Models/torch/torch.fbx
  artifactKey: Guid(379d5c635fe0a9042af0d8c770268cfb) Importer(815301076,1909f56bfc062723c751e8b465ee728b)
Start importing Assets/Small Cave Kit/Models/torch/torch.fbx using Guid(379d5c635fe0a9042af0d8c770268cfb) Importer(815301076,1909f56bfc062723c751e8b465ee728b)  -> (artifact id: '419f9608e3c700254681080b1235617f') in 1.862933 seconds
  Import took 1.866301 seconds .

========================================================================
Received Import Request.
  Time since last request: 0.686839 seconds.
  path: Assets/Small Cave Kit/Models/torch/Textures
  artifactKey: Guid(7d7b0a15704b3994f96f01ab5493a5ba) Importer(815301076,1909f56bfc062723c751e8b465ee728b)
Start importing Assets/Small Cave Kit/Models/torch/Textures using Guid(7d7b0a15704b3994f96f01ab5493a5ba) Importer(815301076,1909f56bfc062723c751e8b465ee728b)  -> (artifact id: '4b6f393799423e3acde430ac7f059401') in 0.034730 seconds
  Import took 0.056461 seconds .

========================================================================
Received Import Request.
  Time since last request: 12.630762 seconds.
  path: Assets/Small Cave Kit/Models/Cave
  artifactKey: Guid(80d9264622558ad4d8ca02470bc24c10) Importer(815301076,1909f56bfc062723c751e8b465ee728b)
Start importing Assets/Small Cave Kit/Models/Cave using Guid(80d9264622558ad4d8ca02470bc24c10) Importer(815301076,1909f56bfc062723c751e8b465ee728b)  -> (artifact id: 'fc5225b6ad731c92bdb96cf0d94afd98') in 0.015247 seconds
  Import took 0.020775 seconds .

========================================================================
Received Import Request.
  Time since last request: 0.083423 seconds.
  path: Assets/Small Cave Kit/Models/Cave/Cave parts.fbx
  artifactKey: Guid(6d47a798ff5bab5488c68456937884d1) Importer(815301076,1909f56bfc062723c751e8b465ee728b)
Start importing Assets/Small Cave Kit/Models/Cave/Cave parts.fbx using Guid(6d47a798ff5bab5488c68456937884d1) Importer(815301076,1909f56bfc062723c751e8b465ee728b)  -> (artifact id: '91f01bc198d46c8afd5d908bddf94873') in 0.477847 seconds
  Import took 0.485704 seconds .

========================================================================
Received Import Request.
  Time since last request: 0.887425 seconds.
  path: Assets/Small Cave Kit/Models/Cave/Materials
  artifactKey: Guid(289d629c288a773448d2027eb62a011c) Importer(815301076,1909f56bfc062723c751e8b465ee728b)
Start importing Assets/Small Cave Kit/Models/Cave/Materials using Guid(289d629c288a773448d2027eb62a011c) Importer(815301076,1909f56bfc062723c751e8b465ee728b)  -> (artifact id: 'f4f9a57660c2dc5fd7954d2b132539df') in 0.374854 seconds
  Import took 0.380832 seconds .

========================================================================
Received Import Request.
  Time since last request: 0.000343 seconds.
  path: Assets/Small Cave Kit/Models/Cave/Materials/Cave parts.mat
  artifactKey: Guid(c83dd33a60bd7a445ba36534d096b05e) Importer(815301076,1909f56bfc062723c751e8b465ee728b)
Start importing Assets/Small Cave Kit/Models/Cave/Materials/Cave parts.mat using Guid(c83dd33a60bd7a445ba36534d096b05e) Importer(815301076,1909f56bfc062723c751e8b465ee728b)  -> (artifact id: '9e2a04ff5d1f4c9fc63807d940def268') in 0.083816 seconds
  Import took 0.087572 seconds .

========================================================================
Received Import Request.
  Time since last request: 0.000584 seconds.
  path: Assets/Small Cave Kit/Models/Cave/Materials/1.mat
  artifactKey: Guid(aad151c58402b184eb4955e40e8f735a) Importer(815301076,1909f56bfc062723c751e8b465ee728b)
Start importing Assets/Small Cave Kit/Models/Cave/Materials/1.mat using Guid(aad151c58402b184eb4955e40e8f735a) Importer(815301076,1909f56bfc062723c751e8b465ee728b)  -> (artifact id: 'c0ea394decb5f304fc73ffe51240c6be') in 0.100841 seconds
  Import took 0.104405 seconds .

========================================================================
Received Import Request.
  Time since last request: 1.970354 seconds.
  path: Assets/Small Cave Kit/Models/Cave/Textures
  artifactKey: Guid(2491027914359ef498e7272fe0f5d7d0) Importer(815301076,1909f56bfc062723c751e8b465ee728b)
Start importing Assets/Small Cave Kit/Models/Cave/Textures using Guid(2491027914359ef498e7272fe0f5d7d0) Importer(815301076,1909f56bfc062723c751e8b465ee728b)  -> (artifact id: 'c56e41da2adc5e597c1f45dbc0ab6b9e') in 0.008639 seconds
  Import took 0.017089 seconds .

========================================================================
Received Import Request.
  Time since last request: 0.094198 seconds.
  path: Assets/Small Cave Kit/Models/Cave/Textures/Cave parts_Albedo.png
  artifactKey: Guid(3fdba774d1889344bae0b9f4ff39040f) Importer(815301076,1909f56bfc062723c751e8b465ee728b)
Start importing Assets/Small Cave Kit/Models/Cave/Textures/Cave parts_Albedo.png using Guid(3fdba774d1889344bae0b9f4ff39040f) Importer(815301076,1909f56bfc062723c751e8b465ee728b)  -> (artifact id: '0146fb4d1881e99497075a0ea3b796dd') in 0.880135 seconds
  Import took 0.885225 seconds .

========================================================================
Received Import Request.
  Time since last request: 0.000522 seconds.
  path: Assets/Small Cave Kit/Models/Cave/Textures/Cave parts_Specular.png
  artifactKey: Guid(197ca220cdb7ba84e9295b000e3959aa) Importer(815301076,1909f56bfc062723c751e8b465ee728b)
Start importing Assets/Small Cave Kit/Models/Cave/Textures/Cave parts_Specular.png using Guid(197ca220cdb7ba84e9295b000e3959aa) Importer(815301076,1909f56bfc062723c751e8b465ee728b)  -> (artifact id: '57e4f278a353bb286e8236357a094df2') in 0.100991 seconds
  Import took 0.108538 seconds .

========================================================================
Received Import Request.
  Time since last request: 0.000347 seconds.
  path: Assets/Small Cave Kit/Models/Cave/Textures/Cave parts_Normal.png
  artifactKey: Guid(49dd7fc3861265c4eaf4f3c617a70a12) Importer(815301076,1909f56bfc062723c751e8b465ee728b)
Start importing Assets/Small Cave Kit/Models/Cave/Textures/Cave parts_Normal.png using Guid(49dd7fc3861265c4eaf4f3c617a70a12) Importer(815301076,1909f56bfc062723c751e8b465ee728b)  -> (artifact id: 'f51dcaa6a390946740b659f60ed17323') in 0.094177 seconds
  Import took 0.097762 seconds .

========================================================================
Received Import Request.
  Time since last request: 41.360684 seconds.
  path: Assets/Standard Assets/ParticleSystems
  artifactKey: Guid(1e606902f982dc242a1076a0b28d7e2b) Importer(815301076,1909f56bfc062723c751e8b465ee728b)
Start importing Assets/Standard Assets/ParticleSystems using Guid(1e606902f982dc242a1076a0b28d7e2b) Importer(815301076,1909f56bfc062723c751e8b465ee728b)  -> (artifact id: 'dc4c1b83fa866285d88f4a62f9bc743e') in 0.040254 seconds
  Import took 0.047025 seconds .

========================================================================
Received Import Request.
  Time since last request: 1.430684 seconds.
  path: Assets/Standard Assets/ParticleSystems/Scripts
  artifactKey: Guid(dd7609f64df98a445b7b0a82d131ff1d) Importer(815301076,1909f56bfc062723c751e8b465ee728b)
Start importing Assets/Standard Assets/ParticleSystems/Scripts using Guid(dd7609f64df98a445b7b0a82d131ff1d) Importer(815301076,1909f56bfc062723c751e8b465ee728b)  -> (artifact id: 'da30452f6779928b19438b2edf4fb130') in 0.015023 seconds
  Import took 0.020734 seconds .

========================================================================
Received Prepare
Registering precompiled user dll's ...
Registered in 0.001613 seconds.
Begin MonoManager ReloadAssembly
Native extension for WindowsStandalone target not found
Native extension for WebGL target not found
Refreshing native plugins compatible for Editor in 0.35 ms, found 0 plugins.
Preloading 0 native plugins for Editor in 0.00 ms.
Invoked RoslynAnalysisRunner static constructor.
RoslynAnalysisRunner will not be running.
RoslynAnalysisRunner has terminated.
Mono: successfully reloaded assembly
- Completed reload, in  1.952 seconds
Platform modules already initialized, skipping
Refreshing native plugins compatible for Editor in 0.32 ms, found 0 plugins.
Preloading 0 native plugins for Editor in 0.00 ms.
Unloading 1097 Unused Serialized files (Serialized files now loaded: 0)
System memory in use before: 61.0 MB.
System memory in use after: 60.9 MB.

Unloading 8 unused Assets to reduce memory usage. Loaded Objects now: 1590.
Total: 5.024500 ms (FindLiveObjects: 0.809000 ms CreateObjectMapping: 0.090300 ms MarkObjects: 3.563900 ms  DeleteObjects: 0.558500 ms)

========================================================================
Received Import Request.
  Time since last request: 87.915706 seconds.
  path: Assets/Standard Assets/ParticleSystems/Shaders
  artifactKey: Guid(38aca6717cb2fe34b8c702f59540a6b2) Importer(815301076,1909f56bfc062723c751e8b465ee728b)
Start importing Assets/Standard Assets/ParticleSystems/Shaders using Guid(38aca6717cb2fe34b8c702f59540a6b2) Importer(815301076,1909f56bfc062723c751e8b465ee728b)  -> (artifact id: '835e37420378f81cc4bf8c1d976c01a2') in 0.022325 seconds
  Import took 0.027151 seconds .

========================================================================
Received Import Request.
  Time since last request: 0.626992 seconds.
  path: Assets/Standard Assets/ParticleSystems/Shaders/PriorityParticleAlpha.shader
  artifactKey: Guid(cc4347574b823934ba11785e25895920) Importer(815301076,1909f56bfc062723c751e8b465ee728b)
Start importing Assets/Standard Assets/ParticleSystems/Shaders/PriorityParticleAlpha.shader using Guid(cc4347574b823934ba11785e25895920) Importer(815301076,1909f56bfc062723c751e8b465ee728b)  -> (artifact id: '22d097304428d528b3d6f09164ee7e52') in 0.024127 seconds
  Import took 0.030468 seconds .

========================================================================
Received Import Request.
  Time since last request: 0.009187 seconds.
  path: Assets/Standard Assets/ParticleSystems/Shaders/PriorityParticleAlpha.shader
  artifactKey: Guid(cc4347574b823934ba11785e25895920) Importer(815301076,1909f56bfc062723c751e8b465ee728b)
Start importing Assets/Standard Assets/ParticleSystems/Shaders/PriorityParticleAlpha.shader using Guid(cc4347574b823934ba11785e25895920) Importer(815301076,1909f56bfc062723c751e8b465ee728b)  -> (artifact id: '22d097304428d528b3d6f09164ee7e52') in 0.005950 seconds
  Import took 0.009570 seconds .

========================================================================
Received Import Request.
  Time since last request: 3.544228 seconds.
  path: Assets/Standard Assets/ParticleSystems/Prefabs
  artifactKey: Guid(e52ea5622520f974e9a6feaea888c17d) Importer(815301076,1909f56bfc062723c751e8b465ee728b)
Start importing Assets/Standard Assets/ParticleSystems/Prefabs using Guid(e52ea5622520f974e9a6feaea888c17d) Importer(815301076,1909f56bfc062723c751e8b465ee728b)  -> (artifact id: 'e2eb76d20b50e1d990ff8bfb760ab906') in 0.013241 seconds
  Import took 0.016275 seconds .

========================================================================
Received Import Request.
  Time since last request: 0.083427 seconds.
  path: Assets/Standard Assets/ParticleSystems/Prefabs/Afterburner.prefab
  artifactKey: Guid(d8c41be67f41aa545ae053b0b927f821) Importer(815301076,1909f56bfc062723c751e8b465ee728b)
Start importing Assets/Standard Assets/ParticleSystems/Prefabs/Afterburner.prefab using Guid(d8c41be67f41aa545ae053b0b927f821) Importer(815301076,1909f56bfc062723c751e8b465ee728b)  -> (artifact id: '1947d6f6cd0c31a9a0f555e39b7f43d8') in 0.043247 seconds
  Import took 0.046346 seconds .

========================================================================
Received Import Request.
  Time since last request: 0.000328 seconds.
  path: Assets/Standard Assets/ParticleSystems/Prefabs/FlareMobile.prefab
  artifactKey: Guid(ccbcfc705a39717429590a9f247ec30a) Importer(815301076,1909f56bfc062723c751e8b465ee728b)
Start importing Assets/Standard Assets/ParticleSystems/Prefabs/FlareMobile.prefab using Guid(ccbcfc705a39717429590a9f247ec30a) Importer(815301076,1909f56bfc062723c751e8b465ee728b)  -> (artifact id: '2a6cdedb33c6bd68bcdf67e4b59ebe89') in 0.019626 seconds
  Import took 0.024905 seconds .

========================================================================
Received Import Request.
  Time since last request: 0.013478 seconds.
  path: Assets/Standard Assets/ParticleSystems/Prefabs/Explosion.prefab
  artifactKey: Guid(031d08f52af1daa4f929b85221519426) Importer(815301076,1909f56bfc062723c751e8b465ee728b)
Start importing Assets/Standard Assets/ParticleSystems/Prefabs/Explosion.prefab using Guid(031d08f52af1daa4f929b85221519426) Importer(815301076,1909f56bfc062723c751e8b465ee728b)  -> (artifact id: '648a559321de261a7d876da73d805f35') in 0.048823 seconds
  Import took 0.061451 seconds .

========================================================================
Received Import Request.
  Time since last request: 0.003130 seconds.
  path: Assets/Standard Assets/ParticleSystems/Prefabs/Steam.prefab
  artifactKey: Guid(32aafb358d61bd14b9b27ed0871fe43b) Importer(815301076,1909f56bfc062723c751e8b465ee728b)
Start importing Assets/Standard Assets/ParticleSystems/Prefabs/Steam.prefab using Guid(32aafb358d61bd14b9b27ed0871fe43b) Importer(815301076,1909f56bfc062723c751e8b465ee728b)  -> (artifact id: '2c565b25ca67ef4dc67a9521234c8a90') in 0.035232 seconds
  Import took 0.068181 seconds .

========================================================================
Received Import Request.
  Time since last request: 0.001038 seconds.
  path: Assets/Standard Assets/ParticleSystems/Prefabs/FireComplex.prefab
  artifactKey: Guid(bf495eacf58e31146ab012aa89ac68da) Importer(815301076,1909f56bfc062723c751e8b465ee728b)
Start importing Assets/Standard Assets/ParticleSystems/Prefabs/FireComplex.prefab using Guid(bf495eacf58e31146ab012aa89ac68da) Importer(815301076,1909f56bfc062723c751e8b465ee728b)  -> (artifact id: 'a4b3df3b25de5f8d0326419c6bd91b28') in 0.470704 seconds
  Import took 0.483493 seconds .

========================================================================
Received Import Request.
  Time since last request: 0.000370 seconds.
  path: Assets/Standard Assets/ParticleSystems/Prefabs/TyreBurnoutSmoke.prefab
  artifactKey: Guid(98c58c8dd46640c49bb5f557afafea7c) Importer(815301076,1909f56bfc062723c751e8b465ee728b)
Start importing Assets/Standard Assets/ParticleSystems/Prefabs/TyreBurnoutSmoke.prefab using Guid(98c58c8dd46640c49bb5f557afafea7c) Importer(815301076,1909f56bfc062723c751e8b465ee728b)  -> (artifact id: '0b508e45ecb3f85ba4861b14c6dac9e6') in 0.020872 seconds
  Import took 0.029952 seconds .

========================================================================
Received Import Request.
  Time since last request: 0.000682 seconds.
  path: Assets/Standard Assets/ParticleSystems/Prefabs/Smoke.prefab
  artifactKey: Guid(921a3ff88856fe04ebc86b196fd8cc59) Importer(815301076,1909f56bfc062723c751e8b465ee728b)
Start importing Assets/Standard Assets/ParticleSystems/Prefabs/Smoke.prefab using Guid(921a3ff88856fe04ebc86b196fd8cc59) Importer(815301076,1909f56bfc062723c751e8b465ee728b)  -> (artifact id: '1bdf3475237e0c7fb915234b877cfbba') in 0.034964 seconds
  Import took 0.075672 seconds .

========================================================================
Received Import Request.
  Time since last request: 0.001024 seconds.
  path: Assets/Standard Assets/ParticleSystems/Prefabs/WildFire.prefab
  artifactKey: Guid(2c32987c2bc01844a94adfb917dd677d) Importer(815301076,1909f56bfc062723c751e8b465ee728b)
Start importing Assets/Standard Assets/ParticleSystems/Prefabs/WildFire.prefab using Guid(2c32987c2bc01844a94adfb917dd677d) Importer(815301076,1909f56bfc062723c751e8b465ee728b)  -> (artifact id: 'bfa26838399af829eadcff09ae7e348f') in 0.102457 seconds
  Import took 0.115938 seconds .

========================================================================
Received Import Request.
  Time since last request: 0.000590 seconds.
  path: Assets/Standard Assets/ParticleSystems/Prefabs/ExplosionMobile.prefab
  artifactKey: Guid(645413a00f7bd0242bbd6d0e5eb6f439) Importer(815301076,1909f56bfc062723c751e8b465ee728b)
Start importing Assets/Standard Assets/ParticleSystems/Prefabs/ExplosionMobile.prefab using Guid(645413a00f7bd0242bbd6d0e5eb6f439) Importer(815301076,1909f56bfc062723c751e8b465ee728b)  -> (artifact id: '5868c2daee9c2cdda6b5cbefbe90f46a') in 0.021737 seconds
  Import took 0.034932 seconds .

========================================================================
Received Import Request.
  Time since last request: 0.001305 seconds.
  path: Assets/Standard Assets/ParticleSystems/Prefabs/Flare.prefab
  artifactKey: Guid(0438351a6e6422d43a09930e9be00ee9) Importer(815301076,1909f56bfc062723c751e8b465ee728b)
Start importing Assets/Standard Assets/ParticleSystems/Prefabs/Flare.prefab using Guid(0438351a6e6422d43a09930e9be00ee9) Importer(815301076,1909f56bfc062723c751e8b465ee728b)  -> (artifact id: '53b633617ba6bd33ecb39d251e62cd6c') in 0.040973 seconds
  Import took 0.046105 seconds .

========================================================================
Received Import Request.
  Time since last request: 0.000427 seconds.
  path: Assets/Standard Assets/ParticleSystems/Prefabs/HoseMobile.prefab
  artifactKey: Guid(4dbf077105ba797428d118320f2a10aa) Importer(815301076,1909f56bfc062723c751e8b465ee728b)
Start importing Assets/Standard Assets/ParticleSystems/Prefabs/HoseMobile.prefab using Guid(4dbf077105ba797428d118320f2a10aa) Importer(815301076,1909f56bfc062723c751e8b465ee728b)  -> (artifact id: '938eacd76c01893f63839777d2992738') in 0.031238 seconds
  Import took 0.036609 seconds .

========================================================================
Received Import Request.
  Time since last request: 0.000412 seconds.
  path: Assets/Standard Assets/ParticleSystems/Prefabs/DustStorm.prefab
  artifactKey: Guid(1f7aa4d40edff6e48b549003cad031e1) Importer(815301076,1909f56bfc062723c751e8b465ee728b)
Start importing Assets/Standard Assets/ParticleSystems/Prefabs/DustStorm.prefab using Guid(1f7aa4d40edff6e48b549003cad031e1) Importer(815301076,1909f56bfc062723c751e8b465ee728b)  -> (artifact id: '2d08b75d3f6f8c708ffa78b3eb088c92') in 0.032680 seconds
  Import took 0.070819 seconds .

========================================================================
Received Import Request.
  Time since last request: 0.000554 seconds.
  path: Assets/Standard Assets/ParticleSystems/Prefabs/Fireworks.prefab
  artifactKey: Guid(180149b1a35449044a27b451e816d2de) Importer(815301076,1909f56bfc062723c751e8b465ee728b)
Start importing Assets/Standard Assets/ParticleSystems/Prefabs/Fireworks.prefab using Guid(180149b1a35449044a27b451e816d2de) Importer(815301076,1909f56bfc062723c751e8b465ee728b)  -> (artifact id: '5a7654e08d5ec597e7898452046dd989') in 0.036716 seconds
  Import took 0.045486 seconds .

========================================================================
Received Import Request.
  Time since last request: 0.000708 seconds.
  path: Assets/Standard Assets/ParticleSystems/Prefabs/FireMobile.prefab
  artifactKey: Guid(b99a0a5998b2736429fd2a2fd1d01c5e) Importer(815301076,1909f56bfc062723c751e8b465ee728b)
Start importing Assets/Standard Assets/ParticleSystems/Prefabs/FireMobile.prefab using Guid(b99a0a5998b2736429fd2a2fd1d01c5e) Importer(815301076,1909f56bfc062723c751e8b465ee728b)  -> (artifact id: '2ceef71914fdf0eaa358533645c39006') in 0.056528 seconds
  Import took 0.061058 seconds .

========================================================================
Received Import Request.
  Time since last request: 0.000626 seconds.
  path: Assets/Standard Assets/ParticleSystems/Prefabs/DustStormMobile.prefab
  artifactKey: Guid(ed1c797ec3736704db03a0d64d010e33) Importer(815301076,1909f56bfc062723c751e8b465ee728b)
Start importing Assets/Standard Assets/ParticleSystems/Prefabs/DustStormMobile.prefab using Guid(ed1c797ec3736704db03a0d64d010e33) Importer(815301076,1909f56bfc062723c751e8b465ee728b)  -> (artifact id: 'c98f929a71726bfe99a0cbcd75e0c1e4') in 0.035766 seconds
  Import took 0.061142 seconds .

========================================================================
Received Import Request.
  Time since last request: 0.000458 seconds.
  path: Assets/Standard Assets/ParticleSystems/Prefabs/Hose.prefab
  artifactKey: Guid(fae5d333f43a55744ab0c44fecefdcae) Importer(815301076,1909f56bfc062723c751e8b465ee728b)
Start importing Assets/Standard Assets/ParticleSystems/Prefabs/Hose.prefab using Guid(fae5d333f43a55744ab0c44fecefdcae) Importer(815301076,1909f56bfc062723c751e8b465ee728b)  -> (artifact id: 'cf798e641caa6a09d7f865e851a7ec93') in 0.027466 seconds
  Import took 0.049312 seconds .

========================================================================
Received Import Request.
  Time since last request: 0.000564 seconds.
  path: Assets/Standard Assets/ParticleSystems/Prefabs/SteamMobile.prefab
  artifactKey: Guid(b6fecef6c92b67147b638a07ef91195b) Importer(815301076,1909f56bfc062723c751e8b465ee728b)
Start importing Assets/Standard Assets/ParticleSystems/Prefabs/SteamMobile.prefab using Guid(b6fecef6c92b67147b638a07ef91195b) Importer(815301076,1909f56bfc062723c751e8b465ee728b)  -> (artifact id: '8a3efd95cb499c787d82af0f679cbf6f') in 0.033533 seconds
  Import took 0.047907 seconds .

========================================================================
Received Import Request.
  Time since last request: 39.425604 seconds.
  path: Assets/Standard Assets
  artifactKey: Guid(d076a9035bf275546b1c36d08ca56a66) Importer(815301076,1909f56bfc062723c751e8b465ee728b)
Start importing Assets/Standard Assets using Guid(d076a9035bf275546b1c36d08ca56a66) Importer(815301076,1909f56bfc062723c751e8b465ee728b)  -> (artifact id: '1e581c7d8f5248cc0418be3c4ed6ed0b') in 0.034787 seconds
  Import took 0.050359 seconds .

========================================================================
Received Prepare
Registering precompiled user dll's ...
Registered in 0.004869 seconds.
Begin MonoManager ReloadAssembly
Native extension for WindowsStandalone target not found
Native extension for WebGL target not found
Refreshing native plugins compatible for Editor in 0.26 ms, found 0 plugins.
Preloading 0 native plugins for Editor in 0.00 ms.
Invoked RoslynAnalysisRunner static constructor.
RoslynAnalysisRunner will not be running.
RoslynAnalysisRunner has terminated.
Mono: successfully reloaded assembly
- Completed reload, in  3.741 seconds
Platform modules already initialized, skipping
Refreshing native plugins compatible for Editor in 0.31 ms, found 0 plugins.
Preloading 0 native plugins for Editor in 0.00 ms.
Unloading 1094 Unused Serialized files (Serialized files now loaded: 0)
System memory in use before: 60.8 MB.
System memory in use after: 60.9 MB.

Unloading 6 unused Assets to reduce memory usage. Loaded Objects now: 1598.
Total: 3.549900 ms (FindLiveObjects: 0.157800 ms CreateObjectMapping: 0.044000 ms MarkObjects: 3.004900 ms  DeleteObjects: 0.341200 ms)

